TN:
SF:src/__tests__/ConfirmDialog.spec.tsx
FN:8,onCancel
FN:8,onConfirm
FNF:2
FNH:0
FNDA:0,onCancel
FNDA:0,onConfirm
DA:1,1
DA:2,1
DA:3,1
DA:5,1
DA:6,1
DA:7,1
DA:8,1
DA:9,1
DA:10,1
DA:11,1
DA:13,1
DA:14,1
DA:15,1
DA:16,1
DA:17,1
DA:18,1
DA:19,1
DA:21,1
DA:22,1
DA:23,1
DA:24,1
DA:26,1
DA:27,1
DA:28,1
DA:29,1
DA:30,1
DA:31,1
DA:32,1
DA:33,1
DA:34,1
DA:36,1
DA:37,1
DA:38,1
DA:39,1
LF:34
LH:34
BRDA:5,0,0,1
BRDA:6,1,0,1
BRDA:13,2,0,1
BRDA:26,3,0,1
BRF:4
BRH:4
end_of_record
TN:
SF:src/__tests__/EditMoviePage.spec.tsx
FNF:0
FNH:0
DA:1,1
DA:32,1
DA:33,1
DA:34,1
DA:35,1
DA:36,1
DA:38,1
DA:39,0
DA:40,0
DA:41,0
DA:42,0
DA:43,0
DA:44,0
DA:45,0
DA:46,0
DA:49,0
DA:50,0
DA:51,0
DA:54,0
DA:55,0
DA:56,0
DA:57,0
DA:58,0
DA:59,0
DA:60,0
DA:63,0
DA:64,0
DA:67,0
DA:68,0
DA:69,0
DA:71,0
DA:72,1
DA:73,1
LF:33
LH:9
BRDA:32,0,0,1
BRDA:33,1,0,1
BRF:2
BRH:2
end_of_record
TN:
SF:src/__tests__/MovieCard.blocking.spec.tsx
FN:16,handleDeleteMovie
FNF:1
FNH:0
FNDA:0,handleDeleteMovie
DA:1,1
DA:3,1
DA:13,1
DA:14,1
DA:15,1
DA:16,1
DA:17,1
DA:18,1
DA:19,1
DA:20,1
DA:21,1
DA:22,1
LF:12
LH:12
BRDA:13,0,0,1
BRDA:14,1,0,1
BRF:2
BRH:2
end_of_record
TN:
SF:src/__tests__/MovieCard.spec.tsx
FN:38,handleDeleteMovie
FNF:1
FNH:0
FNDA:0,handleDeleteMovie
DA:1,1
DA:6,1
DA:18,1
DA:19,1
DA:20,1
DA:21,1
DA:22,1
DA:23,1
DA:24,1
DA:25,1
DA:26,1
DA:27,1
DA:28,1
DA:29,1
DA:30,1
DA:32,1
DA:33,1
DA:34,2
DA:35,1
DA:37,1
DA:38,1
DA:39,1
DA:40,1
DA:41,1
DA:42,1
DA:44,1
DA:45,1
DA:46,1
DA:47,1
DA:48,1
DA:50,1
DA:51,1
DA:54,1
DA:55,1
DA:56,1
DA:57,1
LF:36
LH:36
BRDA:32,0,0,1
BRDA:33,1,0,2
BRDA:37,2,0,1
BRDA:44,3,0,1
BRF:4
BRH:4
end_of_record
TN:
SF:src/__tests__/MovieInactiveCard.spec.tsx
FNF:0
FNH:0
DA:1,1
DA:6,1
DA:12,1
DA:13,1
DA:21,1
DA:22,1
DA:23,1
DA:24,1
DA:25,1
DA:26,1
DA:27,1
DA:28,1
DA:29,1
DA:30,1
DA:31,1
DA:32,1
DA:33,1
DA:35,1
DA:36,1
DA:37,2
DA:38,2
DA:39,2
DA:40,1
DA:42,1
DA:43,1
DA:44,1
DA:45,1
DA:46,1
DA:47,1
DA:48,0
DA:49,0
DA:50,0
DA:51,0
DA:52,1
DA:54,1
DA:55,1
DA:56,1
DA:57,1
DA:58,1
DA:59,1
DA:60,1
DA:61,1
DA:62,1
DA:63,1
DA:64,1
DA:65,1
DA:66,1
LF:47
LH:43
BRDA:35,0,0,1
BRDA:36,1,0,2
BRDA:42,2,0,1
BRDA:47,3,0,0
BRDA:54,4,0,1
BRF:5
BRH:4
end_of_record
TN:
SF:src/__tests__/MoviePageActions.spec.tsx
FNF:0
FNH:0
DA:1,1
DA:6,1
DA:7,0
DA:8,0
DA:9,0
DA:10,1
DA:11,1
DA:12,1
DA:13,1
DA:24,1
DA:25,0
DA:26,0
DA:27,0
DA:28,0
DA:29,0
DA:30,0
DA:31,0
DA:32,0
DA:33,0
DA:35,0
DA:38,0
DA:39,0
DA:40,0
DA:41,0
DA:42,0
DA:45,0
DA:46,0
DA:47,0
DA:48,0
DA:49,0
DA:52,0
DA:53,0
DA:54,0
DA:55,0
DA:56,0
DA:59,0
DA:60,0
DA:61,0
DA:62,0
DA:63,0
DA:64,0
LF:41
LH:7
BRF:0
BRH:0
end_of_record
TN:
SF:src/__tests__/MoviesGrid.spec.tsx
FN:7,mk
FN:26,handleDeleteMovie
FN:37,handleDeleteMovie
FN:47,handleDeleteMovie
FNF:4
FNH:1
FNDA:3,mk
FNDA:0,handleDeleteMovie
FNDA:0,handleDeleteMovie
FNDA:0,handleDeleteMovie
DA:1,1
DA:2,1
DA:3,1
DA:4,1
DA:7,1
DA:8,3
DA:9,3
DA:10,3
DA:11,3
DA:12,3
DA:13,3
DA:14,3
DA:15,3
DA:16,3
DA:17,3
DA:18,3
DA:19,3
DA:20,3
DA:22,1
DA:23,1
DA:24,1
DA:25,1
DA:26,1
DA:27,1
DA:28,1
DA:30,1
DA:31,1
DA:32,1
DA:34,1
DA:35,1
DA:36,1
DA:37,1
DA:38,1
DA:39,1
DA:40,1
DA:41,1
DA:42,1
DA:44,1
DA:45,1
DA:46,1
DA:47,1
DA:48,1
DA:49,1
DA:50,1
DA:51,1
DA:52,1
DA:53,1
LF:47
LH:47
BRDA:7,0,0,3
BRDA:22,1,0,1
BRDA:23,2,0,1
BRDA:34,3,0,1
BRDA:44,4,0,1
BRF:5
BRH:5
end_of_record
TN:
SF:src/__tests__/PersonModal.spec.tsx
FNF:0
FNH:0
DA:1,1
DA:9,1
DA:10,1
DA:12,1
DA:13,1
DA:14,2
DA:15,2
DA:16,2
DA:17,2
DA:18,1
DA:20,1
DA:21,0
DA:22,0
DA:23,0
DA:25,0
DA:26,1
DA:28,1
DA:29,0
DA:30,0
DA:31,0
DA:32,0
DA:33,0
DA:34,0
DA:35,0
DA:36,0
DA:37,1
DA:38,1
LF:27
LH:15
BRDA:12,0,0,1
BRDA:13,1,0,2
BRF:2
BRH:2
end_of_record
TN:
SF:src/__tests__/SelectWithSearch.behavior.spec.tsx
FN:8,value
FN:12,onChange
FN:29,onChange
FNF:3
FNH:2
FNDA:1,value
FNDA:1,onChange
FNDA:0,onChange
DA:1,1
DA:2,1
DA:3,1
DA:5,1
DA:6,1
DA:7,1
DA:8,1
DA:9,1
DA:10,1
DA:11,1
DA:12,1
DA:13,1
DA:14,1
DA:15,1
DA:16,1
DA:17,1
DA:18,1
DA:19,1
DA:21,1
DA:22,1
DA:23,1
DA:24,1
DA:26,1
DA:27,1
DA:28,1
DA:29,1
DA:30,1
DA:31,1
DA:32,1
DA:33,1
DA:34,1
DA:35,1
DA:36,1
LF:33
LH:33
BRDA:5,0,0,1
BRDA:6,1,0,1
BRDA:7,2,0,1
BRDA:8,3,0,1
BRDA:12,4,0,1
BRDA:12,5,0,0
BRDA:19,6,0,9
BRDA:26,7,0,1
BRDA:27,8,0,1
BRDA:34,9,0,8
BRF:10
BRH:9
end_of_record
TN:
SF:src/__tests__/SelectWithSearch.spec.tsx
FN:5,setup
FN:11,onChange
FN:15,getCurrent
FNF:3
FNH:3
FNDA:2,setup
FNDA:2,onChange
FNDA:1,getCurrent
DA:1,1
DA:2,1
DA:3,1
DA:5,2
DA:6,2
DA:7,2
DA:8,2
DA:9,2
DA:10,2
DA:11,2
DA:12,2
DA:13,2
DA:14,2
DA:15,2
DA:16,2
DA:18,1
DA:19,1
DA:20,1
DA:21,1
DA:22,1
DA:23,1
DA:24,1
DA:25,1
DA:26,1
DA:27,1
DA:28,1
DA:30,1
DA:31,1
DA:32,1
DA:33,1
DA:34,1
DA:35,1
DA:36,1
DA:37,1
DA:38,1
DA:39,1
DA:40,1
DA:41,1
DA:42,1
DA:43,1
LF:40
LH:40
BRDA:5,0,0,2
BRDA:11,1,0,2
BRDA:11,2,0,0
BRDA:15,3,0,1
BRDA:18,4,0,1
BRDA:19,5,0,1
BRDA:30,6,0,1
BRF:7
BRH:6
end_of_record
TN:
SF:src/__tests__/components-branches.spec.tsx
FNF:0
FNH:0
DA:1,1
DA:2,1
DA:3,1
DA:4,1
DA:5,1
DA:7,1
DA:8,1
DA:9,1
DA:10,1
DA:11,1
DA:12,1
DA:14,1
DA:15,1
DA:16,1
DA:17,1
DA:19,1
DA:20,1
DA:21,1
DA:22,1
DA:23,1
DA:24,1
DA:26,1
LF:22
LH:22
BRDA:7,0,0,1
BRDA:8,1,0,1
BRDA:14,2,0,1
BRDA:19,3,0,1
BRF:4
BRH:4
end_of_record
TN:
SF:src/__tests__/inputs.spec.tsx
FNF:0
FNH:0
DA:1,1
DA:2,1
DA:3,1
DA:4,1
DA:6,1
DA:7,1
DA:8,1
DA:9,1
DA:10,1
DA:11,1
DA:12,1
DA:13,1
DA:14,1
DA:15,1
DA:17,1
DA:18,1
DA:19,1
DA:20,1
DA:21,1
DA:22,1
DA:23,1
DA:24,1
DA:25,1
DA:26,1
LF:24
LH:24
BRDA:6,0,0,1
BRDA:7,1,0,1
BRDA:17,2,0,1
BRDA:18,3,0,1
BRF:4
BRH:4
end_of_record
TN:
SF:src/__tests__/layout.spec.tsx
FNF:0
FNH:0
DA:1,1
DA:2,1
DA:3,1
DA:4,1
DA:5,1
DA:6,1
DA:8,1
DA:9,1
DA:10,1
DA:11,1
DA:12,1
DA:13,1
DA:14,1
DA:15,1
DA:16,1
DA:17,1
DA:18,1
DA:19,1
DA:20,1
DA:21,1
DA:22,1
DA:24,1
DA:25,1
DA:26,1
DA:27,1
DA:28,1
DA:29,1
DA:30,1
DA:31,1
DA:32,1
DA:33,1
DA:34,1
DA:35,1
DA:36,1
DA:38,1
DA:39,1
DA:40,1
DA:41,1
DA:42,1
DA:43,1
LF:40
LH:40
BRDA:8,0,0,1
BRDA:9,1,0,1
BRDA:24,2,0,1
BRDA:25,3,0,1
BRDA:39,4,0,1
BRF:5
BRH:5
end_of_record
TN:
SF:src/__tests__/media-components.spec.tsx
FNF:0
FNH:0
DA:1,1
DA:2,1
DA:3,1
DA:4,1
DA:5,1
DA:7,1
DA:8,1
DA:9,1
DA:10,1
DA:11,1
DA:12,1
DA:13,1
DA:14,1
DA:15,1
DA:16,1
DA:17,1
DA:18,1
DA:19,1
DA:20,1
DA:22,1
DA:23,1
DA:24,1
DA:25,1
DA:26,1
DA:27,1
DA:28,1
DA:29,1
DA:30,1
DA:31,1
DA:32,1
DA:33,1
DA:34,1
LF:32
LH:32
BRDA:7,0,0,1
BRDA:8,1,0,1
BRDA:14,2,0,1
BRDA:22,3,0,1
BRDA:23,4,0,1
BRDA:28,5,0,1
BRF:6
BRH:6
end_of_record
TN:
SF:src/__tests__/movie-skeleton.spec.tsx
FNF:0
FNH:0
DA:1,1
DA:2,1
DA:3,1
DA:5,1
DA:6,1
DA:7,1
DA:9,1
DA:10,1
DA:11,1
LF:9
LH:9
BRDA:5,0,0,1
BRDA:6,1,0,1
BRDA:9,2,0,56
BRDA:9,3,0,0
BRF:4
BRH:3
end_of_record
TN:
SF:src/__tests__/newmovie.spec.tsx
FNF:0
FNH:0
DA:1,1
DA:27,1
DA:28,1
DA:30,1
DA:32,1
DA:33,1
DA:34,1
DA:35,1
DA:36,1
DA:37,1
DA:38,1
DA:39,1
DA:40,1
DA:43,1
DA:44,1
DA:45,1
DA:46,1
DA:49,1
DA:50,1
DA:51,1
DA:53,1
DA:54,0
DA:56,0
DA:57,0
DA:58,0
DA:61,0
DA:62,1
DA:63,1
LF:28
LH:23
BRDA:27,0,0,1
BRDA:28,1,0,1
BRDA:32,2,0,1
BRDA:53,3,0,0
BRF:4
BRH:3
end_of_record
TN:
SF:src/__tests__/pages.spec.tsx
FNF:0
FNH:0
DA:1,1
DA:22,1
DA:23,1
DA:24,1
DA:25,1
DA:26,1
DA:27,1
DA:28,1
DA:29,1
DA:30,1
DA:32,1
DA:33,2
DA:34,1
DA:35,1
DA:36,1
DA:38,1
DA:39,1
DA:40,1
DA:41,1
DA:42,1
DA:44,1
DA:45,1
DA:46,1
DA:47,1
DA:48,1
DA:49,1
DA:50,1
DA:51,1
DA:52,1
DA:53,1
DA:54,2
DA:55,1
DA:56,1
DA:57,1
DA:59,1
DA:60,1
DA:61,1
DA:62,1
DA:63,1
DA:64,1
DA:65,1
DA:66,1
DA:67,1
DA:68,1
DA:69,2
DA:70,1
DA:71,1
DA:72,1
LF:48
LH:48
BRDA:22,0,0,1
BRDA:23,1,0,1
BRDA:32,2,0,2
BRDA:38,3,0,1
BRDA:44,4,0,1
BRDA:45,5,0,1
BRDA:53,6,0,2
BRDA:59,7,0,1
BRDA:60,8,0,1
BRDA:68,9,0,2
BRF:10
BRH:10
end_of_record
TN:
SF:src/__tests__/select.spec.tsx
FNF:0
FNH:0
DA:1,1
DA:2,1
DA:3,1
DA:5,1
DA:6,1
DA:7,1
DA:8,1
DA:9,1
DA:10,1
DA:11,1
DA:12,1
DA:13,1
DA:14,1
LF:13
LH:13
BRDA:5,0,0,1
BRDA:6,1,0,1
BRF:2
BRH:2
end_of_record
TN:
SF:src/__tests__/services.spec.ts
FNF:0
FNH:0
DA:1,1
DA:27,1
DA:28,1
DA:29,5
DA:30,5
DA:31,5
DA:32,5
DA:33,1
DA:35,1
DA:36,1
DA:37,1
DA:38,1
DA:40,1
DA:41,1
DA:42,1
DA:43,1
DA:45,1
DA:46,1
DA:47,1
DA:48,1
DA:50,1
DA:51,1
DA:52,1
DA:53,1
DA:55,1
DA:56,1
DA:57,1
DA:58,1
DA:59,1
DA:60,1
DA:61,1
DA:63,1
DA:64,1
DA:65,1
DA:66,1
DA:67,1
DA:68,1
DA:69,1
DA:71,1
DA:72,1
DA:73,1
DA:74,1
DA:76,1
DA:77,1
DA:78,1
DA:79,1
DA:80,1
DA:81,1
DA:83,1
DA:84,1
DA:85,1
DA:86,1
DA:88,1
DA:89,1
DA:90,1
DA:91,1
DA:93,1
DA:94,1
DA:95,1
DA:96,1
DA:97,1
LF:61
LH:61
BRDA:27,0,0,1
BRDA:28,1,0,5
BRDA:35,2,0,1
BRDA:45,3,0,1
BRDA:55,4,0,1
BRDA:63,5,0,1
BRDA:76,6,0,1
BRDA:83,7,0,1
BRDA:84,8,0,1
BRDA:88,9,0,1
BRF:10
BRH:10
end_of_record
TN:
SF:src/__tests__/simple-components.spec.tsx
FNF:0
FNH:0
DA:1,1
DA:2,1
DA:3,1
DA:4,1
DA:5,1
DA:6,1
DA:7,1
DA:9,1
DA:10,1
DA:11,1
DA:12,1
DA:13,1
DA:14,1
DA:15,1
DA:16,1
DA:18,1
DA:19,1
DA:20,1
DA:21,1
DA:22,1
DA:23,1
DA:24,1
DA:25,1
DA:26,1
DA:27,1
DA:29,1
DA:30,1
DA:31,1
DA:32,1
DA:33,1
DA:34,1
DA:36,1
DA:37,1
DA:38,1
DA:39,1
DA:40,1
DA:41,1
DA:42,1
DA:43,1
DA:44,1
DA:45,1
DA:46,1
DA:47,1
DA:48,1
LF:44
LH:44
BRDA:9,0,0,1
BRDA:10,1,0,1
BRDA:18,2,0,1
BRDA:19,3,0,1
BRDA:23,4,0,1
BRDA:29,5,0,1
BRDA:30,6,0,1
BRDA:36,7,0,1
BRDA:37,8,0,1
BRDA:43,9,0,1
BRF:10
BRH:10
end_of_record
TN:
SF:src/__tests__/utils.spec.ts
FNF:0
FNH:0
DA:1,1
DA:2,1
DA:3,1
DA:4,1
DA:6,1
DA:7,1
DA:8,1
DA:9,1
DA:10,1
DA:11,1
DA:12,1
DA:13,1
DA:14,1
DA:15,1
DA:16,1
DA:18,1
DA:19,1
DA:20,1
DA:21,1
DA:22,1
DA:24,1
DA:25,1
DA:26,1
DA:27,1
DA:28,1
DA:29,1
DA:30,1
DA:31,1
DA:32,1
DA:33,1
DA:34,1
DA:35,1
DA:36,1
LF:33
LH:33
BRDA:6,0,0,1
BRDA:7,1,0,1
BRDA:10,2,0,1
BRDA:13,3,0,1
BRDA:18,4,0,1
BRDA:19,5,0,1
BRDA:24,6,0,1
BRDA:25,7,0,1
BRF:8
BRH:8
end_of_record
TN:
SF:src/components/Footer.tsx
FN:1,Footer
FNF:1
FNH:1
FNDA:2,Footer
DA:1,2
DA:2,2
DA:3,2
DA:4,2
DA:5,2
DA:6,2
DA:7,2
DA:8,2
DA:10,2
DA:11,2
DA:13,2
LF:11
LH:11
BRDA:1,0,0,2
BRF:1
BRH:1
end_of_record
TN:
SF:src/components/Header.tsx
FN:4,Header
FN:19,className
FN:26,className
FN:32,className
FNF:4
FNH:4
FNDA:2,Header
FNDA:3,className
FNDA:3,className
FNDA:3,className
DA:1,1
DA:4,2
DA:5,2
DA:6,2
DA:7,2
DA:8,2
DA:9,2
DA:10,2
DA:11,2
DA:13,2
DA:14,2
DA:16,2
DA:17,2
DA:18,2
DA:19,2
DA:20,2
DA:21,2
DA:22,2
DA:24,2
DA:25,2
DA:26,2
DA:27,2
DA:28,2
DA:30,2
DA:31,2
DA:32,2
DA:33,2
DA:34,2
DA:36,2
DA:37,2
DA:39,2
DA:40,2
DA:41,2
DA:43,2
DA:44,2
DA:45,2
DA:46,2
DA:47,2
DA:49,2
LF:39
LH:39
BRDA:4,0,0,2
BRDA:19,1,0,3
BRDA:19,2,0,1
BRDA:19,3,0,2
BRDA:26,4,0,3
BRDA:26,5,0,0
BRDA:32,6,0,3
BRDA:32,7,0,1
BRDA:32,8,0,2
BRF:9
BRH:8
end_of_record
TN:
SF:src/components/Layout.tsx
FN:6,ScrollToTop
FN:16,Layout
FNF:2
FNH:2
FNDA:2,ScrollToTop
FNDA:1,Layout
DA:1,1
DA:6,1
DA:7,2
DA:9,2
DA:10,2
DA:11,2
DA:13,2
DA:14,2
DA:16,1
DA:17,1
DA:18,1
DA:19,1
DA:20,1
DA:22,1
DA:23,1
DA:24,1
DA:25,1
DA:26,1
DA:28,1
DA:29,1
DA:31,1
LF:21
LH:21
BRDA:6,0,0,2
BRDA:9,1,0,2
BRDA:16,2,0,1
BRF:3
BRH:3
end_of_record
TN:
SF:src/components/movies/ActiveBadge.tsx
FN:4,ActiveBadge
FNF:1
FNH:1
FNDA:18,ActiveBadge
DA:1,1
DA:4,18
DA:5,18
DA:6,18
DA:8,18
DA:9,18
DA:11,18
LF:7
LH:7
BRDA:4,0,0,18
BRDA:6,1,0,11
BRDA:6,2,0,7
BRDA:8,3,0,11
BRDA:8,4,0,7
BRF:5
BRH:5
end_of_record
TN:
SF:src/components/movies/DirectorChip.tsx
FN:3,DirectorChip
FN:11,onError
FNF:2
FNH:2
FNDA:19,DirectorChip
FNDA:1,onError
DA:1,1
DA:3,19
DA:4,19
DA:5,19
DA:7,19
DA:8,2
DA:9,2
DA:10,2
DA:11,2
DA:12,1
DA:13,1
DA:14,2
DA:15,2
DA:16,2
DA:17,17
DA:19,19
DA:20,19
DA:22,19
LF:18
LH:18
BRDA:3,0,0,19
BRDA:7,1,0,2
BRDA:9,2,0,1
BRDA:9,3,0,1
BRDA:16,4,0,17
BRDA:11,5,0,1
BRF:6
BRH:6
end_of_record
TN:
SF:src/components/movies/GenreBadge.tsx
FN:3,GenreBadge
FNF:1
FNH:1
FNDA:1,GenreBadge
DA:1,1
DA:3,1
DA:4,1
DA:5,1
LF:4
LH:4
BRDA:3,0,0,1
BRF:1
BRH:1
end_of_record
TN:
SF:src/components/movies/MovieCard.tsx
FN:22,MovieCard
FN:28,handleMovieClick
FN:37,handleDeleteClick
FN:43,handleConfirmDelete
FN:75,onClick
FN:89,onError
FN:150,onCancel
FNF:7
FNH:4
FNDA:10,MovieCard
FNDA:3,handleMovieClick
FNDA:2,handleDeleteClick
FNDA:1,handleConfirmDelete
FNDA:0,onClick
FNDA:0,onError
FNDA:0,onCancel
DA:1,1
DA:22,10
DA:23,10
DA:24,10
DA:25,10
DA:26,10
DA:28,10
DA:29,3
DA:30,2
DA:31,2
DA:32,2
DA:33,2
DA:34,1
DA:35,3
DA:37,10
DA:38,2
DA:39,2
DA:40,2
DA:41,2
DA:43,10
DA:44,1
DA:45,1
DA:46,1
DA:47,0
DA:48,0
DA:49,0
DA:50,0
DA:51,0
DA:52,1
DA:53,0
DA:54,0
DA:55,1
DA:57,10
DA:58,10
DA:59,10
DA:60,10
DA:61,10
DA:63,10
DA:64,10
DA:65,10
DA:66,10
DA:67,10
DA:68,10
DA:70,10
DA:71,10
DA:73,10
DA:74,10
DA:75,10
DA:76,10
DA:78,10
DA:79,10
DA:80,10
DA:83,10
DA:84,10
DA:85,10
DA:86,10
DA:87,10
DA:88,10
DA:89,10
DA:90,0
DA:91,0
DA:92,10
DA:93,10
DA:94,10
DA:95,10
DA:96,10
DA:97,10
DA:98,10
DA:99,10
DA:100,10
DA:101,10
DA:102,10
DA:104,10
DA:105,10
DA:106,10
DA:107,10
DA:108,10
DA:109,10
DA:110,10
DA:111,10
DA:113,10
DA:114,10
DA:115,10
DA:117,10
DA:118,10
DA:119,10
DA:120,10
DA:122,10
DA:123,10
DA:124,0
DA:125,10
DA:126,10
DA:128,10
DA:129,10
DA:130,10
DA:132,10
DA:133,0
DA:134,0
DA:135,0
DA:136,0
DA:137,0
DA:138,0
DA:139,0
DA:140,0
DA:142,10
DA:144,10
DA:146,10
DA:147,10
DA:148,10
DA:149,10
DA:150,10
DA:151,10
DA:152,10
DA:153,10
DA:155,10
DA:156,1
DA:158,10
DA:160,10
LF:118
LH:100
BRDA:22,0,0,10
BRDA:86,1,0,0
BRDA:132,2,0,0
BRDA:155,3,0,1
BRDA:28,4,0,3
BRDA:29,5,0,1
BRDA:29,6,0,2
BRDA:33,7,0,1
BRDA:37,8,0,2
BRDA:43,9,0,1
BRDA:46,10,0,0
BRDA:52,11,0,0
BRF:12
BRH:8
end_of_record
TN:
SF:src/components/movies/MovieCardSkeleton.tsx
FN:4,MovieCardSkeleton
FNF:1
FNH:1
FNDA:24,MovieCardSkeleton
DA:1,1
DA:4,1
DA:5,24
DA:6,24
DA:7,24
DA:8,24
DA:9,24
DA:10,24
DA:11,24
DA:12,24
DA:13,24
DA:15,24
LF:12
LH:12
BRDA:4,0,0,24
BRF:1
BRH:1
end_of_record
TN:
SF:src/components/movies/MovieInactiveCard.tsx
FN:22,MovieInactiveCard
FN:29,handleMovieClick
FN:38,handleDeleteClick
FN:44,handleActivateClick
FN:50,handleConfirmDelete
FN:64,handleConfirmActivate
FN:104,onClick
FN:118,onError
FN:179,onCancel
FN:187,onCancel
FNF:10
FNH:4
FNDA:6,MovieInactiveCard
FNDA:1,handleMovieClick
FNDA:1,handleDeleteClick
FNDA:0,handleActivateClick
FNDA:1,handleConfirmDelete
FNDA:0,handleConfirmActivate
FNDA:0,onClick
FNDA:0,onError
FNDA:0,onCancel
FNDA:0,onCancel
DA:1,1
DA:22,6
DA:23,6
DA:24,6
DA:25,6
DA:26,6
DA:27,6
DA:29,6
DA:30,1
DA:31,1
DA:32,1
DA:33,1
DA:34,1
DA:35,0
DA:36,1
DA:38,6
DA:39,1
DA:40,1
DA:41,1
DA:42,1
DA:44,6
DA:45,0
DA:46,0
DA:47,0
DA:48,0
DA:50,6
DA:51,1
DA:52,1
DA:53,1
DA:54,0
DA:55,0
DA:56,0
DA:57,0
DA:58,0
DA:59,1
DA:60,0
DA:61,0
DA:62,1
DA:64,6
DA:65,0
DA:66,0
DA:67,0
DA:68,0
DA:69,0
DA:70,0
DA:71,0
DA:72,0
DA:73,0
DA:74,0
DA:75,0
DA:76,0
DA:78,6
DA:79,6
DA:80,6
DA:81,6
DA:82,6
DA:84,6
DA:85,6
DA:86,6
DA:87,6
DA:88,6
DA:89,6
DA:91,6
DA:92,6
DA:94,6
DA:95,6
DA:96,6
DA:97,6
DA:99,6
DA:100,6
DA:102,6
DA:103,6
DA:104,6
DA:105,6
DA:107,6
DA:108,6
DA:109,6
DA:112,6
DA:113,6
DA:114,6
DA:115,6
DA:116,6
DA:117,6
DA:118,6
DA:119,0
DA:120,0
DA:121,6
DA:122,6
DA:123,6
DA:124,6
DA:125,6
DA:126,6
DA:127,6
DA:128,6
DA:129,6
DA:130,6
DA:131,6
DA:133,6
DA:134,6
DA:135,6
DA:136,6
DA:137,6
DA:138,6
DA:139,6
DA:140,6
DA:142,6
DA:143,6
DA:144,6
DA:146,6
DA:147,6
DA:148,6
DA:149,6
DA:151,6
DA:152,6
DA:153,0
DA:154,6
DA:155,6
DA:157,6
DA:158,6
DA:159,6
DA:161,6
DA:162,0
DA:163,0
DA:164,0
DA:165,0
DA:166,0
DA:167,0
DA:168,0
DA:169,0
DA:171,6
DA:173,6
DA:175,6
DA:176,6
DA:177,6
DA:178,6
DA:179,6
DA:180,6
DA:181,6
DA:183,6
DA:184,6
DA:185,6
DA:186,6
DA:187,6
DA:188,6
DA:189,6
DA:190,6
DA:192,6
DA:193,1
DA:195,6
DA:197,6
LF:150
LH:115
BRDA:22,0,0,6
BRDA:115,1,0,0
BRDA:161,2,0,0
BRDA:192,3,0,1
BRDA:29,4,0,1
BRDA:30,5,0,0
BRDA:30,6,0,0
BRDA:34,7,0,0
BRDA:38,8,0,1
BRDA:50,9,0,1
BRDA:53,10,0,0
BRDA:59,11,0,0
BRF:12
BRH:5
end_of_record
TN:
SF:src/components/movies/MovieSkeleton.tsx
FN:2,MovieSkeleton
FNF:1
FNH:1
FNDA:3,MovieSkeleton
DA:1,1
DA:2,3
DA:3,3
DA:4,3
DA:5,3
DA:7,3
DA:8,3
DA:10,3
DA:11,3
DA:12,3
DA:13,3
DA:14,9
DA:15,9
DA:16,9
DA:17,9
DA:18,3
DA:19,3
DA:20,3
DA:21,3
DA:24,3
DA:25,3
DA:26,3
DA:27,3
DA:28,3
DA:29,3
DA:30,3
DA:31,3
DA:33,3
DA:35,3
DA:36,3
DA:37,15
DA:38,3
DA:39,3
DA:40,3
DA:42,3
DA:43,3
DA:44,9
DA:45,3
DA:46,3
DA:48,3
DA:49,3
DA:50,3
DA:51,3
DA:52,12
DA:53,12
DA:54,12
DA:55,12
DA:56,3
DA:57,3
DA:58,3
DA:59,3
DA:62,3
DA:63,3
DA:64,3
DA:65,3
DA:66,12
DA:67,12
DA:68,12
DA:70,12
DA:71,12
DA:72,12
DA:73,12
DA:74,3
DA:75,3
DA:76,3
DA:77,3
DA:78,3
DA:79,3
DA:81,3
LF:69
LH:69
BRDA:2,0,0,3
BRDA:13,1,0,9
BRDA:36,2,0,15
BRDA:43,3,0,9
BRDA:51,4,0,12
BRDA:65,5,0,12
BRF:6
BRH:6
end_of_record
TN:
SF:src/components/movies/MoviesGrid.tsx
FN:13,MoviesGrid
FNF:1
FNH:1
FNDA:8,MoviesGrid
DA:1,1
DA:13,8
DA:14,8
DA:15,8
DA:16,8
DA:17,8
DA:18,8
DA:19,8
DA:20,3
DA:21,3
DA:22,3
DA:23,24
DA:24,3
DA:25,3
DA:27,3
DA:29,5
DA:30,5
DA:31,5
DA:32,7
DA:33,2
DA:34,5
DA:35,5
DA:36,5
DA:38,5
LF:24
LH:24
BRDA:13,0,0,8
BRDA:19,1,0,3
BRDA:27,2,0,5
BRDA:22,3,0,24
BRDA:31,4,0,7
BRDA:32,5,0,2
BRDA:33,6,0,5
BRDA:34,7,0,4
BRDA:34,8,0,1
BRF:9
BRH:9
end_of_record
TN:
SF:src/components/movies/PersonModal.tsx
FN:15,PersonModal
FN:37,handleImageChange
FN:44,handleSubmit
FN:79,onChange
FNF:4
FNH:1
FNDA:2,PersonModal
FNDA:0,handleImageChange
FNDA:0,handleSubmit
FNDA:0,onChange
DA:1,1
DA:15,2
DA:16,2
DA:17,2
DA:18,2
DA:19,2
DA:21,2
DA:22,2
DA:23,2
DA:24,2
DA:25,2
DA:27,2
DA:28,2
DA:29,2
DA:30,2
DA:31,2
DA:32,2
DA:33,2
DA:34,2
DA:35,2
DA:37,2
DA:38,0
DA:39,0
DA:40,0
DA:41,0
DA:42,0
DA:44,2
DA:45,0
DA:46,0
DA:47,0
DA:48,0
DA:49,0
DA:50,0
DA:51,0
DA:52,0
DA:54,0
DA:55,0
DA:56,0
DA:57,0
DA:58,0
DA:59,0
DA:60,0
DA:61,0
DA:62,0
DA:64,2
DA:66,0
DA:67,0
DA:68,0
DA:69,0
DA:70,2
DA:71,2
DA:73,2
DA:74,2
DA:75,2
DA:76,2
DA:77,2
DA:78,2
DA:79,2
DA:80,2
DA:81,2
DA:82,2
DA:83,2
DA:85,2
DA:86,2
DA:87,2
DA:88,2
DA:89,2
DA:90,2
DA:91,2
DA:92,2
DA:93,2
DA:94,2
DA:95,0
DA:97,0
DA:99,0
DA:101,2
DA:102,2
DA:104,2
DA:105,2
DA:106,2
DA:107,2
DA:108,2
DA:109,2
DA:111,2
DA:112,2
DA:113,2
DA:114,2
DA:115,2
DA:116,2
DA:117,2
DA:118,0
DA:119,0
DA:120,2
DA:122,2
DA:123,2
DA:124,2
DA:125,2
DA:126,2
DA:127,2
DA:129,2
LF:100
LH:69
BRDA:15,0,0,2
BRDA:64,1,0,0
BRDA:70,2,0,0
BRDA:94,3,0,0
BRDA:95,4,0,0
BRDA:114,5,0,0
BRDA:117,6,0,0
BRDA:117,7,0,0
BRDA:118,8,0,0
BRDA:122,9,0,0
BRDA:122,10,0,0
BRDA:21,11,0,2
BRDA:22,12,0,2
BRDA:23,13,0,0
BRDA:27,14,0,2
BRDA:30,15,0,0
BRF:16
BRH:4
end_of_record
TN:
SF:src/components/movies/Pill.tsx
FN:3,Pill
FNF:1
FNH:1
FNDA:52,Pill
DA:1,1
DA:3,52
DA:4,52
DA:5,52
DA:6,52
DA:7,52
DA:9,52
LF:7
LH:7
BRDA:3,0,0,52
BRF:1
BRH:1
end_of_record
TN:
SF:src/components/movies/PlatformBadge.tsx
FN:1,PlatformBadge
FN:8,onError
FNF:2
FNH:2
FNDA:3,PlatformBadge
FNDA:1,onError
DA:1,3
DA:2,3
DA:3,3
DA:4,3
DA:5,2
DA:6,2
DA:7,2
DA:8,2
DA:9,1
DA:10,1
DA:11,2
DA:12,2
DA:13,2
DA:14,1
DA:15,3
DA:16,3
DA:18,3
LF:17
LH:17
BRDA:1,0,0,3
BRDA:4,1,0,2
BRDA:13,2,0,1
BRDA:8,3,0,1
BRF:4
BRH:4
end_of_record
TN:
SF:src/components/movies/PosterSkeleton.tsx
FN:1,PosterSkeleton
FNF:1
FNH:1
FNDA:25,PosterSkeleton
DA:1,25
DA:2,25
DA:3,25
DA:5,25
LF:4
LH:4
BRDA:1,0,0,25
BRF:1
BRH:1
end_of_record
TN:
SF:src/components/movies/TextSkeleton.tsx
FN:3,TextSkeleton
FNF:1
FNH:1
FNDA:73,TextSkeleton
DA:1,1
DA:3,73
DA:4,73
DA:5,73
LF:4
LH:4
BRDA:3,0,0,73
BRF:1
BRH:1
end_of_record
TN:
SF:src/components/ui/ConfirmDialog.tsx
FN:15,ConfirmDialog
FN:27,onKey
FNF:2
FNH:2
FNDA:28,ConfirmDialog
FNDA:1,onKey
DA:1,1
DA:15,28
DA:16,28
DA:17,28
DA:18,28
DA:19,28
DA:20,28
DA:21,28
DA:22,28
DA:23,28
DA:24,28
DA:25,28
DA:26,28
DA:27,8
DA:28,1
DA:29,1
DA:30,8
DA:31,8
DA:32,28
DA:34,28
DA:35,8
DA:36,8
DA:37,8
DA:38,8
DA:39,8
DA:40,8
DA:41,8
DA:42,8
DA:43,8
DA:44,8
DA:45,8
DA:47,8
DA:48,8
DA:49,6
DA:51,28
DA:52,28
DA:53,28
DA:54,28
DA:55,28
DA:57,28
DA:58,28
DA:59,28
DA:60,28
DA:61,28
DA:62,28
DA:63,7
DA:64,1
DA:65,28
DA:67,28
DA:68,28
DA:69,28
DA:70,28
DA:71,28
DA:72,28
DA:73,28
DA:74,28
LF:56
LH:56
BRDA:15,0,0,28
BRDA:34,1,0,25
BRDA:34,2,0,20
BRDA:34,3,0,9
BRDA:34,4,0,8
BRDA:48,5,0,6
BRDA:62,6,0,7
BRDA:63,7,0,1
BRDA:25,8,0,28
BRDA:26,9,0,25
BRDA:26,10,0,20
BRDA:26,11,0,8
BRDA:27,12,0,1
BRDA:31,13,0,8
BRF:14
BRH:14
end_of_record
TN:
SF:src/components/ui/Input.tsx
FN:12,Input
FNF:1
FNH:1
FNDA:10,Input
DA:1,1
DA:12,10
DA:13,10
DA:14,10
DA:15,10
DA:17,10
DA:18,10
DA:19,10
DA:20,10
DA:21,10
DA:22,10
DA:23,10
DA:24,10
DA:25,10
DA:27,10
LF:15
LH:15
BRDA:12,0,0,10
BRDA:14,1,0,5
BRDA:14,2,0,5
BRDA:15,3,0,5
BRF:4
BRH:4
end_of_record
TN:
SF:src/components/ui/Select.tsx
FN:11,Select
FNF:1
FNH:1
FNDA:1,Select
DA:1,1
DA:11,1
DA:12,1
DA:13,1
DA:14,1
DA:16,1
DA:17,1
DA:18,1
DA:19,1
DA:20,1
DA:22,1
DA:24,1
DA:25,1
DA:27,1
LF:14
LH:14
BRDA:11,0,0,1
BRDA:13,1,0,0
BRDA:14,2,0,0
BRF:3
BRH:1
end_of_record
TN:
SF:src/components/ui/SelectWithSearch.tsx
FN:6,useDebouncedValue
FN:30,SelectWithSearch
FN:61,onDocClick
FN:80,run
FN:120,handleSelect
FN:126,onKeyDown
FN:160,onFocus
FN:161,onChange
FN:173,onClick
FN:200,onMouseEnter
FN:201,onMouseDown
FNF:11
FNH:9
FNDA:31,useDebouncedValue
FNDA:31,SelectWithSearch
FNDA:2,onDocClick
FNDA:2,run
FNDA:3,handleSelect
FNDA:2,onKeyDown
FNDA:6,onFocus
FNDA:4,onChange
FNDA:0,onClick
FNDA:0,onMouseEnter
FNDA:2,onMouseDown
DA:1,1
DA:6,31
DA:7,31
DA:8,31
DA:9,15
DA:10,15
DA:11,31
DA:12,31
DA:13,31
DA:30,31
DA:31,31
DA:32,31
DA:33,31
DA:34,31
DA:35,31
DA:36,31
DA:37,31
DA:38,31
DA:39,31
DA:40,31
DA:41,31
DA:42,31
DA:43,31
DA:44,31
DA:45,31
DA:46,31
DA:47,31
DA:48,31
DA:49,31
DA:50,31
DA:51,31
DA:52,31
DA:53,31
DA:55,31
DA:56,31
DA:57,31
DA:58,31
DA:60,31
DA:61,8
DA:62,2
DA:63,2
DA:64,8
DA:65,8
DA:66,31
DA:68,31
DA:69,17
DA:70,4
DA:71,7
DA:72,2
DA:73,2
DA:74,2
DA:75,2
DA:76,2
DA:77,17
DA:78,17
DA:79,17
DA:80,17
DA:81,2
DA:82,2
DA:83,2
DA:84,2
DA:85,2
DA:86,2
DA:87,2
DA:88,0
DA:89,0
DA:90,0
DA:91,0
DA:92,0
DA:93,0
DA:94,2
DA:95,2
DA:96,2
DA:97,1
DA:98,2
DA:99,2
DA:100,2
DA:101,2
DA:102,17
DA:103,17
DA:104,31
DA:106,31
DA:107,19
DA:108,19
DA:109,9
DA:110,31
DA:112,31
DA:113,21
DA:114,21
DA:115,21
DA:116,21
DA:117,21
DA:118,31
DA:120,31
DA:121,3
DA:122,3
DA:123,3
DA:124,3
DA:126,31
DA:127,2
DA:128,2
DA:129,1
DA:130,1
DA:131,1
DA:132,0
DA:133,0
DA:134,1
DA:135,1
DA:136,1
DA:137,1
DA:138,0
DA:139,0
DA:140,0
DA:141,2
DA:143,31
DA:144,8
DA:145,8
DA:146,31
DA:148,31
DA:149,31
DA:150,31
DA:152,31
DA:153,31
DA:154,31
DA:155,31
DA:156,31
DA:157,31
DA:158,31
DA:159,31
DA:160,31
DA:161,31
DA:162,4
DA:163,4
DA:164,4
DA:165,4
DA:166,31
DA:167,31
DA:168,31
DA:169,31
DA:170,0
DA:171,0
DA:172,0
DA:173,0
DA:174,0
DA:175,0
DA:176,0
DA:177,0
DA:178,0
DA:179,0
DA:181,0
DA:183,31
DA:185,31
DA:187,31
DA:188,20
DA:189,20
DA:190,20
DA:191,20
DA:192,2
DA:194,20
DA:195,14
DA:196,14
DA:197,24
DA:198,24
DA:199,24
DA:200,24
DA:201,24
DA:203,24
DA:204,24
DA:205,14
DA:206,14
DA:208,20
DA:210,31
DA:212,31
LF:173
LH:151
BRDA:6,0,0,31
BRDA:8,1,0,15
BRDA:9,2,0,2
BRDA:10,3,0,15
BRDA:30,4,0,31
BRDA:53,5,0,16
BRDA:150,6,0,2
BRDA:169,7,0,0
BRDA:185,8,0,30
BRDA:187,9,0,20
BRDA:189,10,0,1
BRDA:190,11,0,1
BRDA:190,12,0,1
BRDA:191,13,0,19
BRDA:191,14,0,18
BRDA:191,15,0,4
BRDA:191,16,0,0
BRDA:191,17,0,2
BRDA:194,18,0,19
BRDA:194,19,0,18
BRDA:194,20,0,14
BRDA:56,21,0,15
BRDA:56,22,0,10
BRDA:60,23,0,8
BRDA:61,24,0,2
BRDA:62,25,0,0
BRDA:65,26,0,8
BRDA:68,27,0,17
BRDA:69,28,0,6
BRDA:69,29,0,13
BRDA:69,30,0,7
BRDA:69,31,0,4
BRDA:71,32,0,2
BRDA:77,33,0,0
BRDA:80,34,0,2
BRDA:86,35,0,1
BRDA:87,36,0,0
BRDA:93,37,0,1
BRDA:94,38,0,0
BRDA:96,39,0,1
BRDA:97,40,0,0
BRDA:103,41,0,2
BRDA:106,42,0,19
BRDA:108,43,0,10
BRDA:108,44,0,9
BRDA:109,45,0,14
BRDA:112,46,0,21
BRDA:113,47,0,0
BRDA:115,48,0,14
BRDA:116,49,0,2
BRDA:120,50,0,3
BRDA:126,51,0,2
BRDA:127,52,0,0
BRDA:128,53,0,1
BRDA:131,54,0,0
BRDA:137,55,0,0
BRDA:130,56,0,1
BRDA:143,57,0,8
BRDA:144,58,0,0
BRDA:145,59,0,7
BRDA:160,60,0,6
BRDA:161,61,0,4
BRDA:196,62,0,24
BRDA:199,63,0,14
BRDA:199,64,0,10
BRDA:201,65,0,2
BRF:66
BRH:54
end_of_record
TN:
SF:src/components/ui/Textarea.tsx
FN:11,Textarea
FNF:1
FNH:1
FNDA:2,Textarea
DA:1,1
DA:11,2
DA:12,2
DA:13,2
DA:14,2
DA:16,2
DA:17,2
DA:18,2
DA:19,2
DA:20,2
DA:21,2
DA:23,2
DA:24,2
DA:26,2
LF:14
LH:14
BRDA:11,0,0,2
BRDA:13,1,0,0
BRF:2
BRH:1
end_of_record
TN:
SF:src/mocks/movies.ts
FN:1,(empty-report)
FNF:1
FNH:0
FNDA:0,(empty-report)
DA:1,0
DA:2,0
DA:3,0
DA:4,0
DA:5,0
DA:6,0
DA:7,0
DA:8,0
DA:9,0
DA:10,0
DA:11,0
DA:12,0
DA:13,0
DA:14,0
DA:15,0
DA:16,0
DA:17,0
DA:18,0
DA:19,0
DA:20,0
DA:21,0
DA:22,0
DA:23,0
DA:24,0
DA:25,0
DA:26,0
DA:27,0
DA:28,0
DA:29,0
DA:30,0
DA:31,0
DA:32,0
DA:33,0
DA:34,0
DA:35,0
DA:36,0
DA:37,0
DA:38,0
DA:39,0
DA:40,0
DA:41,0
DA:42,0
DA:43,0
DA:44,0
DA:45,0
DA:46,0
DA:47,0
DA:48,0
DA:49,0
DA:50,0
DA:51,0
DA:52,0
DA:53,0
DA:54,0
DA:55,0
DA:56,0
DA:57,0
DA:58,0
DA:59,0
DA:60,0
DA:61,0
DA:62,0
DA:63,0
DA:64,0
DA:65,0
DA:66,0
DA:67,0
DA:68,0
DA:69,0
DA:70,0
DA:71,0
DA:72,0
DA:73,0
DA:74,0
DA:75,0
DA:76,0
DA:77,0
DA:78,0
DA:79,0
DA:80,0
DA:81,0
DA:82,0
DA:83,0
DA:84,0
DA:85,0
DA:86,0
DA:87,0
DA:88,0
DA:89,0
DA:90,0
DA:91,0
DA:92,0
DA:93,0
DA:94,0
DA:95,0
DA:96,0
DA:97,0
DA:98,0
DA:99,0
DA:100,0
DA:101,0
DA:102,0
DA:103,0
DA:104,0
DA:105,0
DA:106,0
DA:107,0
DA:108,0
DA:109,0
DA:110,0
DA:111,0
DA:112,0
DA:113,0
DA:114,0
DA:115,0
DA:116,0
DA:117,0
DA:118,0
DA:119,0
DA:120,0
DA:121,0
DA:122,0
DA:123,0
DA:124,0
DA:125,0
DA:126,0
DA:127,0
DA:128,0
DA:129,0
DA:130,0
DA:131,0
DA:132,0
DA:133,0
DA:134,0
DA:135,0
DA:136,0
DA:137,0
DA:138,0
DA:139,0
DA:140,0
DA:141,0
DA:142,0
DA:143,0
DA:144,0
DA:145,0
DA:146,0
DA:147,0
DA:148,0
DA:149,0
DA:150,0
DA:151,0
DA:152,0
DA:153,0
DA:154,0
DA:155,0
DA:156,0
DA:157,0
DA:158,0
DA:159,0
DA:160,0
DA:161,0
DA:162,0
DA:163,0
DA:164,0
DA:165,0
DA:166,0
DA:167,0
DA:168,0
DA:169,0
DA:170,0
DA:171,0
DA:172,0
DA:173,0
DA:174,0
DA:175,0
DA:176,0
DA:177,0
DA:178,0
DA:179,0
DA:180,0
DA:181,0
DA:182,0
DA:183,0
DA:184,0
DA:185,0
DA:186,0
DA:187,0
DA:188,0
DA:189,0
DA:190,0
DA:191,0
DA:192,0
DA:193,0
DA:194,0
LF:194
LH:0
BRDA:1,0,0,0
BRF:1
BRH:0
end_of_record
TN:
SF:src/pages/EditMoviePage.tsx
FN:14,EditMovieSkeleton
FN:63,movieToForm
FN:80,EditMoviePage
FNF:3
FNH:0
FNDA:0,EditMovieSkeleton
FNDA:0,movieToForm
FNDA:0,EditMoviePage
DA:1,1
DA:14,0
DA:15,0
DA:16,0
DA:17,0
DA:18,0
DA:19,0
DA:20,0
DA:22,0
DA:23,0
DA:24,0
DA:25,0
DA:26,0
DA:27,0
DA:28,0
DA:29,0
DA:30,0
DA:31,0
DA:32,0
DA:34,0
DA:35,0
DA:36,0
DA:37,0
DA:38,0
DA:40,0
DA:42,0
DA:43,0
DA:44,0
DA:45,0
DA:46,0
DA:48,0
DA:49,0
DA:50,0
DA:51,0
DA:52,0
DA:54,0
DA:55,0
DA:56,0
DA:57,0
DA:58,0
DA:59,0
DA:61,0
DA:63,0
DA:64,0
DA:65,0
DA:66,0
DA:67,0
DA:68,0
DA:69,0
DA:70,0
DA:71,0
DA:72,0
DA:73,0
DA:74,0
DA:75,0
DA:76,0
DA:77,0
DA:78,0
DA:80,0
DA:81,0
DA:82,0
DA:84,0
DA:85,0
DA:87,0
DA:88,0
DA:89,0
DA:90,0
DA:91,0
DA:92,0
DA:93,0
DA:94,0
DA:95,0
DA:96,0
DA:98,0
DA:99,0
DA:101,0
DA:102,0
DA:103,0
DA:104,0
DA:106,0
DA:107,0
DA:108,0
DA:110,0
DA:111,0
DA:112,0
DA:113,0
DA:115,0
DA:116,0
DA:118,0
DA:119,0
DA:120,0
DA:121,0
DA:122,0
DA:123,0
DA:124,0
DA:125,0
DA:126,0
DA:127,0
DA:128,0
DA:130,0
DA:131,0
DA:132,0
DA:133,0
DA:135,0
DA:136,0
DA:137,0
DA:138,0
DA:139,0
DA:141,0
DA:142,0
DA:143,0
DA:144,0
DA:145,0
DA:146,0
DA:147,0
DA:148,0
DA:149,0
DA:150,0
DA:151,0
DA:152,0
DA:153,0
DA:154,0
DA:155,0
DA:157,0
DA:158,0
DA:159,0
DA:160,0
DA:161,0
DA:162,0
DA:163,0
DA:164,0
DA:165,0
DA:166,0
DA:167,0
DA:168,0
DA:169,0
DA:170,0
DA:171,0
DA:172,0
DA:173,0
DA:174,0
DA:175,0
DA:176,0
DA:177,0
DA:178,0
DA:179,0
DA:180,0
DA:182,0
DA:184,0
DA:185,0
DA:186,0
DA:187,0
DA:189,0
DA:190,0
DA:191,0
DA:193,0
DA:194,0
DA:195,0
DA:196,0
DA:197,0
DA:198,0
DA:199,0
DA:200,0
DA:201,0
DA:202,0
DA:203,0
DA:204,0
DA:205,0
DA:207,0
DA:208,0
DA:209,0
DA:211,0
DA:212,0
DA:213,0
DA:214,0
DA:215,0
DA:216,0
DA:217,0
DA:219,0
DA:220,0
DA:221,0
DA:223,0
DA:224,0
DA:225,0
DA:226,0
DA:227,0
DA:228,0
DA:229,0
DA:230,0
DA:231,0
DA:232,0
DA:233,0
DA:235,0
DA:236,0
DA:237,0
DA:239,0
DA:240,0
DA:241,0
DA:242,0
DA:243,0
DA:245,0
DA:246,0
DA:247,0
DA:248,0
DA:249,0
DA:250,0
DA:251,0
DA:252,0
DA:254,0
DA:255,0
DA:256,0
DA:257,0
DA:258,0
DA:259,0
DA:260,0
DA:261,0
DA:262,0
DA:263,0
DA:264,0
DA:265,0
DA:266,0
DA:267,0
DA:269,0
DA:271,0
DA:272,0
DA:273,0
DA:274,0
DA:275,0
DA:276,0
DA:277,0
DA:278,0
DA:279,0
DA:280,0
DA:281,0
DA:282,0
DA:284,0
DA:285,0
DA:286,0
DA:288,0
DA:290,0
DA:291,0
DA:292,0
DA:293,0
DA:295,0
DA:296,0
DA:297,0
DA:298,0
DA:299,0
DA:301,0
DA:302,0
DA:303,0
DA:304,0
DA:305,0
DA:306,0
DA:308,0
DA:309,0
DA:310,0
DA:311,0
DA:312,0
DA:313,0
DA:315,0
DA:316,0
DA:317,0
DA:318,0
DA:320,0
DA:321,0
DA:322,0
DA:323,0
DA:324,0
DA:325,0
DA:326,0
DA:327,0
DA:328,0
DA:329,0
DA:330,0
DA:331,0
DA:332,0
DA:333,0
DA:334,0
DA:335,0
DA:336,0
DA:337,0
DA:338,0
DA:339,0
DA:340,0
DA:341,0
DA:342,0
DA:344,0
DA:345,0
DA:347,0
DA:348,0
DA:349,0
DA:350,0
DA:351,0
DA:352,0
DA:353,0
DA:354,0
DA:355,0
DA:356,0
DA:357,0
DA:358,0
DA:359,0
DA:361,0
DA:363,0
DA:364,0
DA:365,0
DA:367,0
DA:368,0
DA:369,0
DA:370,0
DA:371,0
DA:372,0
DA:373,0
DA:374,0
DA:375,0
DA:376,0
DA:377,0
DA:378,0
DA:379,0
DA:380,0
DA:381,0
DA:382,0
DA:383,0
DA:384,0
DA:385,0
DA:386,0
DA:387,0
DA:388,0
DA:389,0
DA:390,0
DA:391,0
DA:393,0
DA:394,0
DA:395,0
DA:396,0
DA:397,0
DA:398,0
DA:399,0
DA:401,0
DA:402,0
DA:403,0
DA:404,0
DA:405,0
DA:406,0
DA:407,0
DA:408,0
DA:409,0
DA:411,0
DA:412,0
DA:413,0
DA:414,0
DA:415,0
DA:416,0
DA:417,0
DA:418,0
DA:419,0
DA:420,0
DA:421,0
DA:423,0
DA:424,0
DA:425,0
DA:426,0
DA:427,0
DA:428,0
DA:429,0
DA:430,0
DA:431,0
DA:432,0
DA:433,0
DA:434,0
DA:435,0
DA:436,0
DA:438,0
DA:439,0
DA:440,0
DA:441,0
DA:442,0
DA:443,0
DA:445,0
DA:446,0
DA:447,0
DA:448,0
DA:449,0
DA:451,0
DA:452,0
DA:453,0
DA:454,0
DA:455,0
DA:456,0
DA:457,0
DA:458,0
DA:459,0
DA:460,0
DA:461,0
DA:462,0
DA:463,0
DA:464,0
DA:466,0
DA:467,0
DA:468,0
DA:469,0
DA:470,0
DA:471,0
DA:473,0
DA:474,0
DA:475,0
DA:476,0
DA:477,0
DA:478,0
DA:480,0
DA:481,0
DA:482,0
DA:483,0
DA:484,0
DA:485,0
DA:486,0
DA:487,0
DA:488,0
DA:489,0
DA:491,0
DA:492,0
DA:493,0
DA:494,0
DA:495,0
DA:496,0
DA:497,0
DA:498,0
DA:499,0
DA:500,0
DA:501,0
DA:502,0
DA:504,0
DA:505,0
DA:506,0
DA:507,0
DA:508,0
DA:509,0
DA:510,0
DA:512,0
DA:513,0
DA:514,0
DA:515,0
DA:516,0
DA:517,0
DA:518,0
DA:519,0
DA:520,0
DA:521,0
DA:522,0
DA:524,0
DA:525,0
DA:527,0
DA:528,0
DA:529,0
DA:530,0
DA:531,0
DA:532,0
DA:534,0
DA:535,0
DA:536,0
DA:537,0
DA:538,0
DA:539,0
DA:540,0
DA:541,0
DA:542,0
DA:543,0
DA:544,0
DA:545,0
DA:546,0
DA:548,0
DA:549,0
DA:550,0
DA:551,0
DA:552,0
DA:554,0
DA:556,0
DA:557,0
DA:558,0
DA:559,0
DA:560,0
DA:561,0
DA:562,0
DA:563,0
DA:564,0
DA:566,0
DA:567,0
DA:568,0
DA:569,0
DA:570,0
DA:571,0
DA:573,0
DA:574,0
DA:575,0
DA:577,0
DA:578,0
DA:579,0
DA:580,0
DA:581,0
DA:582,0
DA:583,0
DA:584,0
DA:585,0
DA:586,0
DA:587,0
DA:588,0
DA:589,0
DA:591,0
LF:508
LH:1
BRF:0
BRH:0
end_of_record
TN:
SF:src/pages/InactiveMoviesPage.tsx
FN:7,InactiveMoviesPage
FN:16,fetchPeliculas
FN:33,handleDeleteMovie
FN:39,handleSearchChange
FNF:4
FNH:2
FNDA:2,InactiveMoviesPage
FNDA:1,fetchPeliculas
FNDA:0,handleDeleteMovie
FNDA:0,handleSearchChange
DA:1,1
DA:7,2
DA:8,2
DA:9,2
DA:10,2
DA:12,2
DA:13,1
DA:14,2
DA:16,2
DA:17,1
DA:18,1
DA:19,1
DA:21,1
DA:22,1
DA:23,1
DA:24,0
DA:25,0
DA:26,1
DA:27,0
DA:28,1
DA:29,1
DA:30,1
DA:31,1
DA:33,2
DA:34,0
DA:35,0
DA:36,0
DA:37,0
DA:39,2
DA:40,0
DA:42,0
DA:43,0
DA:44,0
DA:45,0
DA:46,0
DA:47,0
DA:48,0
DA:49,0
DA:50,0
DA:52,2
DA:53,2
DA:54,2
DA:55,2
DA:56,2
DA:57,2
DA:59,2
DA:60,2
DA:61,2
DA:62,2
DA:63,2
DA:64,2
DA:65,2
DA:66,2
DA:67,2
DA:69,2
DA:70,2
DA:71,2
DA:72,2
DA:73,2
DA:74,2
DA:75,2
DA:77,2
LF:62
LH:45
BRDA:7,0,0,2
BRDA:12,1,0,1
BRDA:16,2,0,1
BRDA:23,3,0,0
BRDA:26,4,0,0
BRF:5
BRH:3
end_of_record
TN:
SF:src/pages/MoviePage.tsx
FN:11,MoviePage
FN:20,fetchPelicula
FN:44,handleConfirmDelete
FN:70,handleConfirmActivate
FN:99,onCancel
FN:108,onCancel
FN:119,onError
FN:155,onClick
FN:161,onClick
FNF:9
FNH:2
FNDA:3,MoviePage
FNDA:1,fetchPelicula
FNDA:0,handleConfirmDelete
FNDA:0,handleConfirmActivate
FNDA:0,onCancel
FNDA:0,onCancel
FNDA:0,onError
FNDA:0,onClick
FNDA:0,onClick
DA:1,1
DA:11,3
DA:12,3
DA:13,3
DA:14,3
DA:15,3
DA:16,3
DA:17,3
DA:18,3
DA:20,3
DA:21,1
DA:22,1
DA:23,1
DA:24,1
DA:25,1
DA:26,1
DA:27,1
DA:28,0
DA:29,0
DA:30,1
DA:31,1
DA:32,1
DA:33,1
DA:35,3
DA:36,1
DA:38,3
DA:40,3
DA:41,2
DA:42,2
DA:44,1
DA:45,0
DA:46,0
DA:48,0
DA:49,0
DA:50,0
DA:52,0
DA:53,0
DA:54,0
DA:55,0
DA:56,0
DA:57,0
DA:58,0
DA:59,0
DA:61,0
DA:62,0
DA:63,0
DA:64,0
DA:65,0
DA:66,0
DA:67,0
DA:68,0
DA:70,1
DA:71,0
DA:72,0
DA:73,0
DA:74,0
DA:75,0
DA:76,0
DA:77,0
DA:78,0
DA:79,0
DA:80,0
DA:81,0
DA:82,0
DA:84,1
DA:85,1
DA:87,1
DA:88,1
DA:89,1
DA:90,1
DA:91,1
DA:92,0
DA:94,3
DA:95,3
DA:96,1
DA:97,0
DA:99,3
DA:100,3
DA:101,3
DA:102,3
DA:104,3
DA:105,3
DA:106,3
DA:107,3
DA:108,3
DA:109,3
DA:110,3
DA:111,3
DA:113,3
DA:114,3
DA:115,3
DA:116,3
DA:117,3
DA:118,3
DA:119,3
DA:120,0
DA:121,0
DA:122,3
DA:123,3
DA:125,3
DA:126,3
DA:127,3
DA:128,3
DA:129,0
DA:130,0
DA:131,0
DA:133,0
DA:134,0
DA:135,0
DA:136,0
DA:137,0
DA:138,0
DA:140,0
DA:141,0
DA:142,3
DA:143,3
DA:144,3
DA:145,3
DA:147,3
DA:148,3
DA:149,3
DA:150,3
DA:151,3
DA:152,3
DA:153,0
DA:154,0
DA:155,0
DA:156,0
DA:158,0
DA:159,0
DA:161,3
DA:162,3
DA:163,3
DA:164,3
DA:165,3
DA:166,3
DA:167,3
DA:168,3
DA:170,3
DA:171,3
DA:172,3
DA:173,3
DA:175,3
DA:176,3
DA:177,5
DA:178,5
DA:179,5
DA:180,5
DA:181,5
DA:182,3
DA:183,3
DA:184,3
DA:186,3
DA:189,3
DA:190,3
DA:191,3
DA:192,3
DA:193,3
DA:194,0
DA:195,0
DA:196,0
DA:198,0
DA:199,0
DA:200,3
DA:201,3
DA:202,3
DA:203,3
DA:205,3
DA:206,3
DA:208,3
DA:209,3
DA:210,0
DA:211,0
DA:212,0
DA:214,0
DA:215,0
DA:216,0
DA:217,0
DA:218,0
DA:219,0
DA:221,0
DA:222,0
DA:223,0
DA:224,3
DA:225,3
DA:226,3
DA:227,3
DA:228,3
DA:229,3
DA:231,3
LF:190
LH:117
BRDA:11,0,0,3
BRDA:40,1,0,2
BRDA:40,2,0,2
BRDA:42,3,0,1
BRDA:91,4,0,0
BRDA:95,5,0,1
BRDA:96,6,0,0
BRDA:101,7,0,1
BRDA:101,8,0,0
BRDA:116,9,0,0
BRDA:116,10,0,1
BRDA:128,11,0,1
BRDA:152,12,0,0
BRDA:162,13,0,1
BRDA:162,14,0,0
BRDA:171,15,0,1
BRDA:172,16,0,1
BRDA:193,17,0,1
BRDA:209,18,0,1
BRDA:20,19,0,1
BRDA:21,20,0,0
BRDA:25,21,0,0
BRDA:27,22,0,0
BRDA:35,23,0,1
BRDA:176,24,0,5
BRDA:179,25,0,0
BRF:26
BRH:16
end_of_record
TN:
SF:src/pages/MoviesPage.tsx
FN:7,MoviesPage
FN:16,fetchPeliculas
FN:33,handleDeleteMovie
FN:43,handleSearchChange
FNF:4
FNH:3
FNDA:3,MoviesPage
FNDA:1,fetchPeliculas
FNDA:0,handleDeleteMovie
FNDA:1,handleSearchChange
DA:1,1
DA:7,3
DA:8,3
DA:9,3
DA:10,3
DA:12,3
DA:13,1
DA:14,3
DA:16,3
DA:17,1
DA:18,1
DA:19,1
DA:21,1
DA:22,1
DA:23,1
DA:24,0
DA:25,0
DA:26,1
DA:27,0
DA:28,1
DA:29,1
DA:30,1
DA:31,1
DA:33,3
DA:34,0
DA:35,0
DA:36,0
DA:37,0
DA:38,0
DA:39,0
DA:40,0
DA:41,0
DA:43,3
DA:44,1
DA:46,1
DA:47,0
DA:48,1
DA:49,1
DA:50,2
DA:51,1
DA:52,1
DA:53,1
DA:54,1
DA:56,3
DA:57,3
DA:58,3
DA:59,3
DA:60,3
DA:61,3
DA:63,3
DA:64,3
DA:65,3
DA:66,3
DA:67,3
DA:68,3
DA:69,3
DA:70,3
DA:71,3
DA:73,3
DA:74,3
DA:75,3
DA:76,3
DA:77,3
DA:78,3
DA:80,3
LF:65
LH:53
BRDA:7,0,0,3
BRDA:12,1,0,1
BRDA:16,2,0,1
BRDA:23,3,0,0
BRDA:26,4,0,0
BRDA:43,5,0,1
BRDA:46,6,0,0
BRDA:49,7,0,2
BRF:8
BRH:5
end_of_record
TN:
SF:src/pages/NewMoviePage.tsx
FN:14,NewMoviePage
FN:45,fetchOptions
FN:76,getGeneroLabel
FN:79,getPlataformaLabel
FN:82,handleInputChange
FN:87,handleSelectChange
FN:91,handleImageChange
FN:98,handleClearImage
FN:106,handleMultipleSelectChange
FN:120,handleDeleteMultipleSelectItem
FN:127,handleElencoSelect
FN:135,handleElencoRoleChange
FN:139,handleAddElenco
FN:151,handleRemoveElenco
FN:158,handleSubmit
FN:206,handleDirectorCreated
FN:211,handleActorCreated
FN:279,onClick
FN:288,onChange
FN:299,onChange
FN:324,onChange
FN:352,onClick
FN:430,onClose
FN:436,onClose
FNF:24
FNH:2
FNDA:1,NewMoviePage
FNDA:1,fetchOptions
FNDA:0,getGeneroLabel
FNDA:0,getPlataformaLabel
FNDA:0,handleInputChange
FNDA:0,handleSelectChange
FNDA:0,handleImageChange
FNDA:0,handleClearImage
FNDA:0,handleMultipleSelectChange
FNDA:0,handleDeleteMultipleSelectItem
FNDA:0,handleElencoSelect
FNDA:0,handleElencoRoleChange
FNDA:0,handleAddElenco
FNDA:0,handleRemoveElenco
FNDA:0,handleSubmit
FNDA:0,handleDirectorCreated
FNDA:0,handleActorCreated
FNDA:0,onClick
FNDA:0,onChange
FNDA:0,onChange
FNDA:0,onChange
FNDA:0,onClick
FNDA:0,onClose
FNDA:0,onClose
DA:1,1
DA:14,1
DA:15,1
DA:17,1
DA:18,1
DA:19,1
DA:20,1
DA:21,1
DA:22,1
DA:23,1
DA:24,1
DA:25,1
DA:26,1
DA:28,1
DA:29,1
DA:31,1
DA:32,1
DA:33,1
DA:34,1
DA:36,1
DA:37,1
DA:38,1
DA:39,1
DA:41,1
DA:42,1
DA:44,1
DA:45,1
DA:46,1
DA:47,1
DA:48,1
DA:49,1
DA:50,1
DA:51,1
DA:52,1
DA:54,1
DA:55,1
DA:56,1
DA:57,1
DA:59,1
DA:60,1
DA:61,1
DA:62,1
DA:63,1
DA:64,0
DA:65,0
DA:66,1
DA:67,1
DA:68,1
DA:70,1
DA:71,1
DA:72,1
DA:73,1
DA:74,1
DA:76,1
DA:77,0
DA:79,1
DA:80,0
DA:82,1
DA:83,0
DA:84,0
DA:85,0
DA:87,1
DA:88,0
DA:89,0
DA:91,1
DA:92,0
DA:93,0
DA:94,0
DA:95,0
DA:96,0
DA:98,1
DA:99,0
DA:100,0
DA:101,0
DA:102,0
DA:103,0
DA:104,0
DA:106,1
DA:107,0
DA:108,0
DA:109,0
DA:110,0
DA:111,0
DA:112,0
DA:113,0
DA:114,0
DA:115,0
DA:116,0
DA:117,0
DA:118,0
DA:120,1
DA:121,0
DA:122,0
DA:123,0
DA:124,0
DA:125,0
DA:127,1
DA:128,0
DA:129,0
DA:130,0
DA:131,0
DA:132,0
DA:133,0
DA:135,1
DA:136,0
DA:137,0
DA:139,1
DA:140,0
DA:141,0
DA:142,0
DA:143,0
DA:144,0
DA:145,0
DA:146,0
DA:147,0
DA:148,0
DA:149,0
DA:151,1
DA:152,0
DA:153,0
DA:154,0
DA:155,0
DA:156,0
DA:158,1
DA:159,0
DA:160,0
DA:161,0
DA:162,0
DA:163,0
DA:164,0
DA:165,0
DA:166,0
DA:167,0
DA:168,0
DA:169,0
DA:170,0
DA:172,0
DA:173,0
DA:174,0
DA:175,0
DA:176,0
DA:177,0
DA:178,0
DA:179,0
DA:180,0
DA:181,0
DA:182,0
DA:183,0
DA:184,0
DA:185,0
DA:186,0
DA:187,0
DA:188,0
DA:189,0
DA:191,0
DA:192,0
DA:193,0
DA:194,0
DA:196,0
DA:197,0
DA:198,0
DA:199,0
DA:201,1
DA:202,1
DA:203,1
DA:204,1
DA:206,1
DA:207,0
DA:208,0
DA:209,0
DA:211,1
DA:212,0
DA:213,0
DA:214,0
DA:215,0
DA:216,0
DA:218,1
DA:219,1
DA:220,1
DA:221,1
DA:222,1
DA:223,1
DA:225,1
DA:226,1
DA:227,1
DA:228,1
DA:229,1
DA:230,1
DA:231,1
DA:232,1
DA:233,1
DA:234,1
DA:235,1
DA:236,1
DA:237,1
DA:238,0
DA:239,0
DA:240,0
DA:241,0
DA:242,0
DA:243,0
DA:244,0
DA:246,0
DA:247,0
DA:249,1
DA:251,1
DA:252,1
DA:253,1
DA:254,1
DA:255,0
DA:257,1
DA:259,1
DA:261,1
DA:262,1
DA:263,1
DA:265,1
DA:266,1
DA:267,1
DA:268,1
DA:269,1
DA:271,1
DA:273,1
DA:274,1
DA:275,1
DA:276,1
DA:277,1
DA:278,1
DA:279,1
DA:280,1
DA:281,1
DA:283,1
DA:284,1
DA:285,1
DA:286,1
DA:287,1
DA:288,1
DA:289,1
DA:290,1
DA:291,1
DA:292,1
DA:294,1
DA:295,1
DA:296,1
DA:297,1
DA:298,1
DA:299,1
DA:300,1
DA:301,1
DA:302,1
DA:303,1
DA:304,1
DA:305,0
DA:306,0
DA:307,0
DA:308,0
DA:309,0
DA:310,0
DA:311,0
DA:313,0
DA:314,0
DA:315,1
DA:316,1
DA:317,1
DA:319,1
DA:320,1
DA:321,1
DA:322,1
DA:323,1
DA:324,1
DA:325,1
DA:326,1
DA:327,1
DA:328,1
DA:329,1
DA:330,0
DA:331,0
DA:332,0
DA:333,0
DA:334,0
DA:335,0
DA:336,0
DA:338,0
DA:339,0
DA:340,1
DA:341,1
DA:342,1
DA:343,1
DA:345,1
DA:346,1
DA:347,1
DA:348,1
DA:349,1
DA:350,1
DA:351,1
DA:352,1
DA:353,1
DA:354,1
DA:356,1
DA:357,1
DA:358,1
DA:359,1
DA:360,1
DA:361,1
DA:362,1
DA:363,1
DA:364,1
DA:365,1
DA:366,1
DA:367,1
DA:369,1
DA:371,1
DA:372,1
DA:373,1
DA:374,1
DA:375,1
DA:376,1
DA:377,1
DA:378,1
DA:379,0
DA:380,1
DA:381,1
DA:383,1
DA:384,1
DA:386,1
DA:387,0
DA:388,0
DA:389,0
DA:390,0
DA:391,0
DA:392,0
DA:393,0
DA:394,0
DA:395,0
DA:396,0
DA:397,0
DA:398,0
DA:399,0
DA:400,0
DA:402,0
DA:403,0
DA:404,0
DA:405,0
DA:406,0
DA:408,1
DA:410,1
DA:411,1
DA:412,1
DA:413,1
DA:414,1
DA:415,1
DA:416,1
DA:417,1
DA:418,1
DA:420,1
DA:421,1
DA:423,1
DA:424,1
DA:425,1
DA:427,1
DA:428,1
DA:429,1
DA:430,1
DA:431,1
DA:432,1
DA:433,1
DA:434,1
DA:435,1
DA:436,1
DA:437,1
DA:438,1
DA:439,1
DA:441,1
LF:372
LH:218
BRDA:14,0,0,1
BRDA:237,1,0,0
BRDA:254,2,0,0
BRDA:374,3,0,0
BRDA:377,4,0,0
BRDA:378,5,0,0
BRDA:386,6,0,0
BRDA:416,7,0,0
BRDA:44,8,0,1
BRDA:45,9,0,1
BRDA:54,10,0,0
BRDA:55,11,0,0
BRDA:56,12,0,0
BRDA:57,13,0,0
BRDA:63,14,0,0
BRDA:62,15,0,1
BRDA:70,16,0,1
BRDA:71,17,0,1
BRDA:72,18,0,0
BRDA:201,19,0,1
BRDA:202,20,0,0
BRDA:203,21,0,0
BRDA:203,22,0,0
BRF:23
BRH:7
end_of_record
TN:
SF:src/services/apiClient.ts
FNF:0
FNH:0
DA:1,1
DA:3,1
DA:5,1
DA:6,1
DA:7,1
DA:8,1
DA:9,1
DA:10,1
DA:12,1
DA:13,1
DA:14,2
DA:15,2
DA:16,0
DA:17,0
DA:18,2
DA:19,2
DA:20,1
DA:21,1
DA:24,1
LF:19
LH:17
BRDA:13,0,0,2
BRDA:15,1,0,0
BRF:2
BRH:1
end_of_record
TN:
SF:src/services/movieService.ts
FN:14,getMovieById
FN:29,getAllMovies
FN:43,getAllInactiveMovies
FN:57,deleteMovieById
FN:71,realDeleteMovieById
FN:85,createMovie
FN:111,updateMovie
FN:138,activateMovieById
FNF:8
FNH:8
FNDA:2,getMovieById
FNDA:1,getAllMovies
FNDA:1,getAllInactiveMovies
FNDA:2,deleteMovieById
FNDA:2,realDeleteMovieById
FNDA:1,createMovie
FNDA:1,updateMovie
FNDA:1,activateMovieById
DA:1,1
DA:14,1
DA:15,2
DA:16,2
DA:18,1
DA:19,1
DA:20,2
DA:21,0
DA:22,0
DA:23,0
DA:24,2
DA:25,1
DA:26,1
DA:27,2
DA:29,1
DA:30,1
DA:31,1
DA:32,1
DA:33,1
DA:34,1
DA:35,0
DA:36,0
DA:37,0
DA:38,1
DA:39,0
DA:40,0
DA:41,1
DA:43,1
DA:44,1
DA:45,1
DA:46,1
DA:47,1
DA:48,1
DA:49,0
DA:50,0
DA:51,0
DA:52,1
DA:53,0
DA:54,0
DA:55,1
DA:57,1
DA:58,2
DA:59,2
DA:60,1
DA:61,1
DA:62,1
DA:63,0
DA:64,0
DA:65,0
DA:66,2
DA:67,0
DA:68,0
DA:69,2
DA:71,1
DA:72,2
DA:73,2
DA:74,1
DA:75,1
DA:76,1
DA:77,0
DA:78,0
DA:79,0
DA:80,2
DA:81,0
DA:82,0
DA:83,2
DA:85,1
DA:86,1
DA:87,1
DA:88,1
DA:90,1
DA:91,0
DA:92,0
DA:94,1
DA:95,1
DA:96,1
DA:97,1
DA:98,1
DA:100,1
DA:101,1
DA:102,1
DA:103,0
DA:104,0
DA:105,0
DA:106,1
DA:107,0
DA:108,0
DA:109,1
DA:111,1
DA:112,1
DA:113,1
DA:114,1
DA:115,1
DA:116,1
DA:117,1
DA:119,1
DA:120,0
DA:121,0
DA:123,1
DA:124,1
DA:125,1
DA:127,1
DA:128,1
DA:129,1
DA:130,0
DA:131,0
DA:132,0
DA:133,1
DA:134,0
DA:135,0
DA:136,1
DA:138,1
DA:139,1
DA:140,1
DA:141,0
DA:142,0
DA:143,0
DA:144,0
DA:145,0
DA:146,0
DA:147,1
DA:148,1
DA:149,1
DA:150,1
LF:124
LH:81
BRDA:14,0,0,2
BRDA:16,1,0,1
BRDA:20,2,0,0
BRDA:24,3,0,1
BRDA:29,4,0,1
BRDA:34,5,0,0
BRDA:38,6,0,0
BRDA:43,7,0,1
BRDA:48,8,0,0
BRDA:52,9,0,0
BRDA:57,10,0,2
BRDA:59,11,0,1
BRDA:62,12,0,0
BRDA:66,13,0,0
BRDA:71,14,0,2
BRDA:73,15,0,1
BRDA:76,16,0,0
BRDA:80,17,0,0
BRDA:85,18,0,1
BRDA:90,19,0,0
BRDA:102,20,0,0
BRDA:106,21,0,0
BRDA:111,22,0,1
BRDA:119,23,0,0
BRDA:129,24,0,0
BRDA:133,25,0,0
BRDA:138,26,0,1
BRDA:140,27,0,0
BRF:28
BRH:12
end_of_record
TN:
SF:src/services/peopleService.ts
FN:3,createPerson
FNF:1
FNH:1
FNDA:2,createPerson
DA:1,1
DA:3,1
DA:4,2
DA:5,2
DA:6,2
DA:8,2
DA:9,0
DA:10,0
DA:12,2
DA:13,2
DA:14,2
DA:15,2
DA:16,2
DA:18,1
DA:19,1
DA:20,2
DA:21,0
DA:22,0
DA:23,0
DA:24,2
DA:25,1
DA:26,1
DA:27,2
LF:23
LH:18
BRDA:3,0,0,2
BRDA:8,1,0,0
BRDA:16,2,0,1
BRDA:20,3,0,0
BRDA:24,4,0,1
BRF:5
BRH:3
end_of_record
TN:
SF:src/utils/cls.ts
FN:1,cls
FNF:1
FNH:1
FNDA:223,cls
DA:1,223
DA:2,223
DA:3,223
LF:3
LH:3
BRDA:1,0,0,223
BRF:1
BRH:1
end_of_record
TN:
SF:src/utils/formatDate.ts
FN:1,formatDate
FNF:1
FNH:1
FNDA:17,formatDate
DA:1,17
DA:2,17
DA:3,17
LF:3
LH:3
BRDA:1,0,0,17
BRF:1
BRH:1
end_of_record
TN:
SF:src/utils/formatMinutes.ts
FN:1,formatMinutes
FNF:1
FNH:1
FNDA:17,formatMinutes
DA:1,17
DA:2,17
DA:3,17
LF:3
LH:3
BRDA:1,0,0,17
BRF:1
BRH:1
end_of_record
